2025-03-27 07:11:11 [INFO]: 1,2
2025-03-27 07:11:11 [INFO]: [{"id":1,"name":"1","created_at":"2025-03-27T07:11:11.059Z","updated_at":"2025-03-27T07:11:11.059Z"},{"id":2,"name":"2","created_at":"2025-03-27T07:11:11.063Z","updated_at":"2025-03-27T07:11:11.063Z"}]
2025-03-27 07:13:23 [INFO]: 1,2
2025-03-27 07:13:23 [INFO]: Adding tag 1 to note 67e4fa9303e73762c8f3c272
2025-03-27 07:13:23 [INFO]: Adding tag 2 to note 67e4fa9303e73762c8f3c272
2025-03-27 07:19:50 [INFO]: 1,2
2025-03-27 07:19:50 [INFO]: Adding tag 1 to note 67e4fc1695a6bd39dba8420d
2025-03-27 07:19:50 [INFO]: Adding tag 2 to note 67e4fc1695a6bd39dba8420d
2025-03-27 07:20:07 [INFO]: 1,2
2025-03-27 07:20:07 [INFO]: Adding tag 1 to note 67e4fc2795a6bd39dba8420f
2025-03-27 07:20:07 [INFO]: Adding tag 2 to note 67e4fc2795a6bd39dba8420f
2025-03-27 07:20:48 [INFO]: 1,2
2025-03-27 07:20:48 [INFO]: Adding tag 1 to note 67e4fc50c6e7beb29df2675f
2025-03-27 07:20:48 [INFO]: Adding tag 2 to note 67e4fc50c6e7beb29df2675f
2025-03-27 07:21:27 [INFO]: 1,2
2025-03-27 07:21:27 [INFO]: noteId: 67e4fc77dca2c3f79dc9e245, length: undefined, max length: 24
2025-03-27 07:21:27 [INFO]: noteId: 67e4fc77dca2c3f79dc9e245, length: undefined, max length: 24
2025-03-27 07:24:57 [INFO]: 1,2
2025-03-27 07:24:57 [INFO]: noteId: 67e4fd4920c3a2d5ce947a16, length: 24, max length: 24
2025-03-27 07:24:57 [INFO]: noteId: 67e4fd4920c3a2d5ce947a16, length: 24, max length: 24
2025-03-27 07:25:28 [INFO]: 1,2
2025-03-27 07:25:28 [INFO]: noteId: 67e4fd6820c3a2d5ce947a19, length: 24, max length: 24
2025-03-27 07:25:28 [INFO]: noteId: 67e4fd6820c3a2d5ce947a19, length: 24, max length: 24
2025-03-27 07:25:29 [INFO]: 1,2
2025-03-27 07:25:29 [INFO]: noteId: 67e4fd6920c3a2d5ce947a1b, length: 24, max length: 24
2025-03-27 07:25:29 [INFO]: noteId: 67e4fd6920c3a2d5ce947a1b, length: 24, max length: 24
2025-03-27 07:25:30 [INFO]: 1,2
2025-03-27 07:25:30 [INFO]: noteId: 67e4fd6a20c3a2d5ce947a1d, length: 24, max length: 24
2025-03-27 07:25:30 [INFO]: noteId: 67e4fd6a20c3a2d5ce947a1d, length: 24, max length: 24
2025-03-27 07:25:31 [INFO]: 1,2
2025-03-27 07:25:31 [INFO]: noteId: 67e4fd6b20c3a2d5ce947a1f, length: 24, max length: 24
2025-03-27 07:25:31 [INFO]: noteId: 67e4fd6b20c3a2d5ce947a1f, length: 24, max length: 24
2025-03-27 07:25:32 [INFO]: 1,2
2025-03-27 07:25:32 [INFO]: noteId: 67e4fd6c20c3a2d5ce947a21, length: 24, max length: 24
2025-03-27 07:25:32 [INFO]: noteId: 67e4fd6c20c3a2d5ce947a21, length: 24, max length: 24
2025-03-27 07:25:33 [INFO]: 1,2
2025-03-27 07:25:33 [INFO]: noteId: 67e4fd6d20c3a2d5ce947a23, length: 24, max length: 24
2025-03-27 07:25:33 [INFO]: noteId: 67e4fd6d20c3a2d5ce947a23, length: 24, max length: 24
2025-03-27 07:28:48 [INFO]: 1,2
2025-03-27 07:28:48 [INFO]: noteId: 67e4fe30970debe191acd4d3, length: 24, max length: 24
2025-03-27 07:28:48 [INFO]: noteId: 67e4fe30970debe191acd4d3, length: 24, max length: 24
2025-03-27 07:28:50 [INFO]: 1,2
2025-03-27 07:28:50 [INFO]: noteId: 67e4fe32970debe191acd4d5, length: 24, max length: 24
2025-03-27 07:28:50 [INFO]: noteId: 67e4fe32970debe191acd4d5, length: 24, max length: 24
2025-03-27 07:29:02 [INFO]: noteId: 67e4fe32970debe191acd4d5, length: 24, max length: 24
2025-03-27 07:29:17 [INFO]: noteId: 67e4fe32970debe191acd4d5, length: 24, max length: 24
